# JRE version: OpenJDK Runtime Environment Temurin-17.0.3+7 (17.0.3+7) (build 17.0.3+7)
# Java VM: OpenJDK Server VM Temurin-17.0.3+7 (17.0.3+7, mixed mode, emulated-client, sharing, tiered, parallel gc, windows-x86)
GC Precious Log:
 CPUs: 4 total, 4 available
 Memory: 3225M
 Large Page Support: Disabled
 NUMA Support: Disabled
 Compressed Oops: Disabled
 Alignments: Space 256K, Generation 256K, Heap 2M
 Heap Min Capacity: 100M
 Heap Initial Capacity: 100M
 Heap Max Capacity: 1024M
 Pre-touch: Disabled
 Parallel Workers: 4
Heap:
 PSYoungGen      total 5120K, used 5009K [0x2e4c0000, 0x2edc0000, 0x43a00000)
  eden space 3584K, 100% used [0x2e4c0000,0x2e840000,0x2e840000)
  from space 1536K, 92% used [0x2ec40000,0x2eda4450,0x2edc0000)
  to   space 1536K, 0% used [0x2eac0000,0x2eac0000,0x2ec40000)
 ParOldGen       total 283392K, used 238438K [0x03a00000, 0x14ec0000, 0x2e4c0000)
  object space 283392K, 84% used [0x03a00000,0x122d9928,0x14ec0000)
 Metaspace       used 42591K, committed 43136K, reserved 49152K
GC Heap History (20 events):
Event: 3502.910 GC heap before
{Heap before GC invocations=12557 (full 109):
 PSYoungGen      total 3072K, used 2832K [0x2e4c0000, 0x2e980000, 0x43a00000)
  eden space 1536K, 100% used [0x2e4c0000,0x2e640000,0x2e640000)
  from space 1536K, 84% used [0x2e800000,0x2e944000,0x2e980000)
  to   space 1536K, 0% used [0x2e680000,0x2e680000,0x2e800000)
 ParOldGen       total 283392K, used 217240K [0x03a00000, 0x14ec0000, 0x2e4c0000)
  object space 283392K, 76% used [0x03a00000,0x10e26260,0x14ec0000)
 Metaspace       used 42591K, committed 43136K, reserved 49152K
}
Event: 3502.917 GC heap after
{Heap after GC invocations=12557 (full 109):
 PSYoungGen      total 3328K, used 1536K [0x2e4c0000, 0x2ed40000, 0x43a00000)
  eden space 1792K, 0% used [0x2e4c0000,0x2e4c0000,0x2e680000)
  from space 1536K, 100% used [0x2e680000,0x2e800000,0x2e800000)
  to   space 3328K, 0% used [0x2ea00000,0x2ea00000,0x2ed40000)
 ParOldGen       total 283392K, used 218548K [0x03a00000, 0x14ec0000, 0x2e4c0000)
  object space 283392K, 77% used [0x03a00000,0x10f6d260,0x14ec0000)
 Metaspace       used 42591K, committed 43136K, reserved 49152K
}
Event: 3502.952 GC heap before
{Heap before GC invocations=12558 (full 109):
 PSYoungGen      total 3328K, used 3328K [0x2e4c0000, 0x2ed40000, 0x43a00000)
  eden space 1792K, 100% used [0x2e4c0000,0x2e680000,0x2e680000)
  from space 1536K, 100% used [0x2e680000,0x2e800000,0x2e800000)
  to   space 3328K, 0% used [0x2ea00000,0x2ea00000,0x2ed40000)
 ParOldGen       total 283392K, used 218548K [0x03a00000, 0x14ec0000, 0x2e4c0000)
  object space 283392K, 77% used [0x03a00000,0x10f6d260,0x14ec0000)
 Metaspace       used 42591K, committed 43136K, reserved 49152K
}
Event: 3502.960 GC heap after
{Heap after GC invocations=12558 (full 109):
 PSYoungGen      total 4096K, used 1568K [0x2e4c0000, 0x2ebc0000, 0x43a00000)
  eden space 2304K, 0% used [0x2e4c0000,0x2e4c0000,0x2e700000)
  from space 1792K, 87% used [0x2ea00000,0x2eb88000,0x2ebc0000)
  to   space 2048K, 0% used [0x2e7c0000,0x2e7c0000,0x2e9c0000)
 ParOldGen       total 283392K, used 220104K [0x03a00000, 0x14ec0000, 0x2e4c0000)
  object space 283392K, 77% used [0x03a00000,0x110f2260,0x14ec0000)
 Metaspace       used 42591K, committed 43136K, reserved 49152K
}
Event: 3503.011 GC heap before
{Heap before GC invocations=12559 (full 109):
 PSYoungGen      total 4096K, used 3872K [0x2e4c0000, 0x2ebc0000, 0x43a00000)
  eden space 2304K, 100% used [0x2e4c0000,0x2e700000,0x2e700000)
  from space 1792K, 87% used [0x2ea00000,0x2eb88000,0x2ebc0000)
  to   space 2048K, 0% used [0x2e7c0000,0x2e7c0000,0x2e9c0000)
 ParOldGen       total 283392K, used 220104K [0x03a00000, 0x14ec0000, 0x2e4c0000)
  object space 283392K, 77% used [0x03a00000,0x110f2260,0x14ec0000)
 Metaspace       used 42591K, committed 43136K, reserved 49152K
}
Event: 3503.018 GC heap after
{Heap after GC invocations=12559 (full 109):
 PSYoungGen      total 4864K, used 2046K [0x2e4c0000, 0x2f000000, 0x43a00000)
  eden space 2816K, 0% used [0x2e4c0000,0x2e4c0000,0x2e780000)
  from space 2048K, 99% used [0x2e7c0000,0x2e9bfbc8,0x2e9c0000)
  to   space 4352K, 0% used [0x2ebc0000,0x2ebc0000,0x2f000000)
 ParOldGen       total 283392K, used 221828K [0x03a00000, 0x14ec0000, 0x2e4c0000)
  object space 283392K, 78% used [0x03a00000,0x112a1260,0x14ec0000)
 Metaspace       used 42591K, committed 43136K, reserved 49152K
}
Event: 3503.084 GC heap before
{Heap before GC invocations=12560 (full 109):
 PSYoungGen      total 4864K, used 4862K [0x2e4c0000, 0x2f000000, 0x43a00000)
  eden space 2816K, 100% used [0x2e4c0000,0x2e780000,0x2e780000)
  from space 2048K, 99% used [0x2e7c0000,0x2e9bfbc8,0x2e9c0000)
  to   space 4352K, 0% used [0x2ebc0000,0x2ebc0000,0x2f000000)
 ParOldGen       total 283392K, used 221828K [0x03a00000, 0x14ec0000, 0x2e4c0000)
  object space 283392K, 78% used [0x03a00000,0x112a1260,0x14ec0000)
 Metaspace       used 42591K, committed 43136K, reserved 49152K
}
Event: 3503.094 GC heap after
{Heap after GC invocations=12560 (full 109):
 PSYoungGen      total 6656K, used 2736K [0x2e4c0000, 0x2eec0000, 0x43a00000)
  eden space 3584K, 0% used [0x2e4c0000,0x2e4c0000,0x2e840000)
  from space 3072K, 89% used [0x2ebc0000,0x2ee6c000,0x2eec0000)
  to   space 3328K, 0% used [0x2e840000,0x2e840000,0x2eb80000)
 ParOldGen       total 283392K, used 223908K [0x03a00000, 0x14ec0000, 0x2e4c0000)
  object space 283392K, 79% used [0x03a00000,0x114a9108,0x14ec0000)
 Metaspace       used 42591K, committed 43136K, reserved 49152K
}
Event: 3503.254 GC heap before
{Heap before GC invocations=12561 (full 109):
 PSYoungGen      total 6656K, used 6293K [0x2e4c0000, 0x2eec0000, 0x43a00000)
  eden space 3584K, 99% used [0x2e4c0000,0x2e839600,0x2e840000)
  from space 3072K, 89% used [0x2ebc0000,0x2ee6c000,0x2eec0000)
  to   space 3328K, 0% used [0x2e840000,0x2e840000,0x2eb80000)
 ParOldGen       total 283392K, used 223908K [0x03a00000, 0x14ec0000, 0x2e4c0000)
  object space 283392K, 79% used [0x03a00000,0x114a9108,0x14ec0000)
 Metaspace       used 42591K, committed 43136K, reserved 49152K
}
Event: 3503.265 GC heap after
{Heap after GC invocations=12561 (full 109):
 PSYoungGen      total 6912K, used 3324K [0x2e4c0000, 0x2f5c0000, 0x43a00000)
  eden space 3584K, 0% used [0x2e4c0000,0x2e4c0000,0x2e840000)
  from space 3328K, 99% used [0x2e840000,0x2eb7f0d0,0x2eb80000)
  to   space 6912K, 0% used [0x2ef00000,0x2ef00000,0x2f5c0000)
 ParOldGen       total 283392K, used 226679K [0x03a00000, 0x14ec0000, 0x2e4c0000)
  object space 283392K, 79% used [0x03a00000,0x1175dc60,0x14ec0000)
 Metaspace       used 42591K, committed 43136K, reserved 49152K
}
Event: 3503.504 GC heap before
{Heap before GC invocations=12562 (full 109):
 PSYoungGen      total 6912K, used 6855K [0x2e4c0000, 0x2f5c0000, 0x43a00000)
  eden space 3584K, 98% used [0x2e4c0000,0x2e832ea8,0x2e840000)
  from space 3328K, 99% used [0x2e840000,0x2eb7f0d0,0x2eb80000)
  to   space 6912K, 0% used [0x2ef00000,0x2ef00000,0x2f5c0000)
 ParOldGen       total 283392K, used 226679K [0x03a00000, 0x14ec0000, 0x2e4c0000)
  object space 283392K, 79% used [0x03a00000,0x1175dc60,0x14ec0000)
 Metaspace       used 42591K, committed 43136K, reserved 49152K
}
Event: 3503.512 GC heap after
{Heap after GC invocations=12562 (full 109):
 PSYoungGen      total 6656K, used 2840K [0x2e4c0000, 0x2f200000, 0x43a00000)
  eden space 3584K, 0% used [0x2e4c0000,0x2e4c0000,0x2e840000)
  from space 3072K, 92% used [0x2ef00000,0x2f1c62d0,0x2f200000)
  to   space 4096K, 0% used [0x2ea00000,0x2ea00000,0x2ee00000)
 ParOldGen       total 283392K, used 229960K [0x03a00000, 0x14ec0000, 0x2e4c0000)
  object space 283392K, 81% used [0x03a00000,0x11a92038,0x14ec0000)
 Metaspace       used 42591K, committed 43136K, reserved 49152K
}
Event: 3503.553 GC heap before
{Heap before GC invocations=12563 (full 109):
 PSYoungGen      total 6656K, used 6297K [0x2e4c0000, 0x2f200000, 0x43a00000)
  eden space 3584K, 96% used [0x2e4c0000,0x2e8201e8,0x2e840000)
  from space 3072K, 92% used [0x2ef00000,0x2f1c62d0,0x2f200000)
  to   space 4096K, 0% used [0x2ea00000,0x2ea00000,0x2ee00000)
 ParOldGen       total 283392K, used 229960K [0x03a00000, 0x14ec0000, 0x2e4c0000)
  object space 283392K, 81% used [0x03a00000,0x11a92038,0x14ec0000)
 Metaspace       used 42591K, committed 43136K, reserved 49152K
}
Event: 3503.563 GC heap after
{Heap after GC invocations=12563 (full 109):
 PSYoungGen      total 7168K, used 3421K [0x2e4c0000, 0x2ef40000, 0x43a00000)
  eden space 3584K, 0% used [0x2e4c0000,0x2e4c0000,0x2e840000)
  from space 3584K, 95% used [0x2ea00000,0x2ed57688,0x2ed80000)
  to   space 1792K, 0% used [0x2ed80000,0x2ed80000,0x2ef40000)
 ParOldGen       total 283392K, used 232118K [0x03a00000, 0x14ec0000, 0x2e4c0000)
  object space 283392K, 81% used [0x03a00000,0x11cad858,0x14ec0000)
 Metaspace       used 42591K, committed 43136K, reserved 49152K
}
Event: 3503.581 GC heap before
{Heap before GC invocations=12564 (full 109):
 PSYoungGen      total 7168K, used 7005K [0x2e4c0000, 0x2ef40000, 0x43a00000)
  eden space 3584K, 100% used [0x2e4c0000,0x2e840000,0x2e840000)
  from space 3584K, 95% used [0x2ea00000,0x2ed57688,0x2ed80000)
  to   space 1792K, 0% used [0x2ed80000,0x2ed80000,0x2ef40000)
 ParOldGen       total 283392K, used 232118K [0x03a00000, 0x14ec0000, 0x2e4c0000)
  object space 283392K, 81% used [0x03a00000,0x11cad858,0x14ec0000)
 Metaspace       used 42591K, committed 43136K, reserved 49152K
}
Event: 3503.587 GC heap after
{Heap after GC invocations=12564 (full 109):
 PSYoungGen      total 5376K, used 1760K [0x2e4c0000, 0x2ef40000, 0x43a00000)
  eden space 3584K, 0% used [0x2e4c0000,0x2e4c0000,0x2e840000)
  from space 1792K, 98% used [0x2ed80000,0x2ef38000,0x2ef40000)
  to   space 2560K, 0% used [0x2ea40000,0x2ea40000,0x2ecc0000)
 ParOldGen       total 283392K, used 234178K [0x03a00000, 0x14ec0000, 0x2e4c0000)
  object space 283392K, 82% used [0x03a00000,0x11eb0858,0x14ec0000)
 Metaspace       used 42591K, committed 43136K, reserved 49152K
}
Event: 3503.920 GC heap before
{Heap before GC invocations=12565 (full 109):
 PSYoungGen      total 5376K, used 5344K [0x2e4c0000, 0x2ef40000, 0x43a00000)
  eden space 3584K, 100% used [0x2e4c0000,0x2e840000,0x2e840000)
  from space 1792K, 98% used [0x2ed80000,0x2ef38000,0x2ef40000)
  to   space 2560K, 0% used [0x2ea40000,0x2ea40000,0x2ecc0000)
 ParOldGen       total 283392K, used 234178K [0x03a00000, 0x14ec0000, 0x2e4c0000)
  object space 283392K, 82% used [0x03a00000,0x11eb0858,0x14ec0000)
 Metaspace       used 42591K, committed 43136K, reserved 49152K
}
Event: 3503.925 GC heap after
{Heap after GC invocations=12565 (full 109):
 PSYoungGen      total 4608K, used 868K [0x2e4c0000, 0x2edc0000, 0x43a00000)
  eden space 3584K, 0% used [0x2e4c0000,0x2e4c0000,0x2e840000)
  from space 1024K, 84% used [0x2ea40000,0x2eb19210,0x2eb40000)
  to   space 1536K, 0% used [0x2ec40000,0x2ec40000,0x2edc0000)
 ParOldGen       total 283392K, used 235913K [0x03a00000, 0x14ec0000, 0x2e4c0000)
  object space 283392K, 83% used [0x03a00000,0x12062520,0x14ec0000)
 Metaspace       used 42591K, committed 43136K, reserved 49152K
}
Event: 3503.991 GC heap before
{Heap before GC invocations=12566 (full 109):
 PSYoungGen      total 4608K, used 4452K [0x2e4c0000, 0x2edc0000, 0x43a00000)
  eden space 3584K, 100% used [0x2e4c0000,0x2e840000,0x2e840000)
  from space 1024K, 84% used [0x2ea40000,0x2eb19210,0x2eb40000)
  to   space 1536K, 0% used [0x2ec40000,0x2ec40000,0x2edc0000)
 ParOldGen       total 283392K, used 235913K [0x03a00000, 0x14ec0000, 0x2e4c0000)
  object space 283392K, 83% used [0x03a00000,0x12062520,0x14ec0000)
 Metaspace       used 42591K, committed 43136K, reserved 49152K
}
Event: 3503.996 GC heap after
{Heap after GC invocations=12566 (full 109):
 PSYoungGen      total 5120K, used 1425K [0x2e4c0000, 0x2edc0000, 0x43a00000)
  eden space 3584K, 0% used [0x2e4c0000,0x2e4c0000,0x2e840000)
  from space 1536K, 92% used [0x2ec40000,0x2eda4450,0x2edc0000)
  to   space 1536K, 0% used [0x2eac0000,0x2eac0000,0x2ec40000)
 ParOldGen       total 283392K, used 238438K [0x03a00000, 0x14ec0000, 0x2e4c0000)
  object space 283392K, 84% used [0x03a00000,0x122d9928,0x14ec0000)
 Metaspace       used 42591K, committed 43136K, reserved 49152K
}

